<?xml version="1.0" encoding="UTF-8"?>
<testng-results skipped="0" failed="0" ignored="0" total="0" passed="0">
  <reporter-output>
  </reporter-output>
  <suite name="Surefire suite" duration-ms="283" started-at="2019-12-18T23:28:53Z" finished-at="2019-12-18T23:28:53Z">
    <groups>
    </groups>
    <test name="Surefire test" duration-ms="283" started-at="2019-12-18T23:28:53Z" finished-at="2019-12-18T23:28:53Z">
    </test> <!-- Surefire test -->
  </suite> <!-- Surefire suite -->
</testng-results>
